{"C:\\Users\\UsEr\\OneDrive\\Dokumen\\lumoshive\\mini-proyek\\mini-proyek-9\\landing-page\\src\\components\\BannerBussinessComponent.jsx": {"path":"C:\\Users\\UsEr\\OneDrive\\Dokumen\\lumoshive\\mini-proyek\\mini-proyek-9\\landing-page\\src\\components\\BannerBussinessComponent.jsx","statementMap":{"0":{"start":{"line":6,"column":33},"end":{"line":29,"column":1}},"1":{"start":{"line":7,"column":2},"end":{"line":28,"column":4}}},"fnMap":{"0":{"name":"(anonymous_0)","decl":{"start":{"line":6,"column":33},"end":{"line":6,"column":34}},"loc":{"start":{"line":6,"column":39},"end":{"line":29,"column":1}},"line":6}},"branchMap":{},"s":{"0":1,"1":4},"f":{"0":4},"b":{},"_coverageSchema":"1a1c01bbd47fc00a2c39e90264f33305004495a9","hash":"6186435bcaa8bd0224dab2084d8dfee31898314a"}
,"C:\\Users\\UsEr\\OneDrive\\Dokumen\\lumoshive\\mini-proyek\\mini-proyek-9\\landing-page\\src\\components\\AboutComponent\\TeamsComponent.jsx": {"path":"C:\\Users\\UsEr\\OneDrive\\Dokumen\\lumoshive\\mini-proyek\\mini-proyek-9\\landing-page\\src\\components\\AboutComponent\\TeamsComponent.jsx","statementMap":{"0":{"start":{"line":8,"column":23},"end":{"line":58,"column":1}},"1":{"start":{"line":9,"column":23},"end":{"line":25,"column":3}},"2":{"start":{"line":27,"column":2},"end":{"line":57,"column":4}},"3":{"start":{"line":38,"column":12},"end":{"line":52,"column":22}}},"fnMap":{"0":{"name":"(anonymous_0)","decl":{"start":{"line":8,"column":23},"end":{"line":8,"column":24}},"loc":{"start":{"line":8,"column":29},"end":{"line":58,"column":1}},"line":8},"1":{"name":"(anonymous_1)","decl":{"start":{"line":37,"column":28},"end":{"line":37,"column":29}},"loc":{"start":{"line":38,"column":12},"end":{"line":52,"column":22}},"line":38}},"branchMap":{},"s":{"0":1,"1":4,"2":4,"3":12},"f":{"0":4,"1":12},"b":{},"_coverageSchema":"1a1c01bbd47fc00a2c39e90264f33305004495a9","hash":"8d439a966b36581cca1fdc862152b8cd4cedc7fd"}
,"C:\\Users\\UsEr\\OneDrive\\Dokumen\\lumoshive\\mini-proyek\\mini-proyek-9\\landing-page\\src\\components\\AboutComponent\\WhoWeAreComponent.jsx": {"path":"C:\\Users\\UsEr\\OneDrive\\Dokumen\\lumoshive\\mini-proyek\\mini-proyek-9\\landing-page\\src\\components\\AboutComponent\\WhoWeAreComponent.jsx","statementMap":{"0":{"start":{"line":5,"column":26},"end":{"line":25,"column":1}},"1":{"start":{"line":6,"column":2},"end":{"line":24,"column":4}}},"fnMap":{"0":{"name":"(anonymous_0)","decl":{"start":{"line":5,"column":26},"end":{"line":5,"column":27}},"loc":{"start":{"line":5,"column":32},"end":{"line":25,"column":1}},"line":5}},"branchMap":{},"s":{"0":1,"1":4},"f":{"0":4},"b":{},"_coverageSchema":"1a1c01bbd47fc00a2c39e90264f33305004495a9","hash":"3eb85cd8eb404d14f280461b6c2c8797c20d4379"}
,"C:\\Users\\UsEr\\OneDrive\\Dokumen\\lumoshive\\mini-proyek\\mini-proyek-9\\landing-page\\src\\components\\ContactComponent\\FormContact.jsx": {"path":"C:\\Users\\UsEr\\OneDrive\\Dokumen\\lumoshive\\mini-proyek\\mini-proyek-9\\landing-page\\src\\components\\ContactComponent\\FormContact.jsx","statementMap":{"0":{"start":{"line":4,"column":20},"end":{"line":34,"column":1}},"1":{"start":{"line":5,"column":2},"end":{"line":33,"column":4}}},"fnMap":{"0":{"name":"(anonymous_0)","decl":{"start":{"line":4,"column":20},"end":{"line":4,"column":21}},"loc":{"start":{"line":4,"column":26},"end":{"line":34,"column":1}},"line":4}},"branchMap":{},"s":{"0":1,"1":3},"f":{"0":3},"b":{},"_coverageSchema":"1a1c01bbd47fc00a2c39e90264f33305004495a9","hash":"08c4485feed85b632c3006fce277fbad8d297c94"}
,"C:\\Users\\UsEr\\OneDrive\\Dokumen\\lumoshive\\mini-proyek\\mini-proyek-9\\landing-page\\src\\components\\ContactComponent\\OurOfficeComponent.jsx": {"path":"C:\\Users\\UsEr\\OneDrive\\Dokumen\\lumoshive\\mini-proyek\\mini-proyek-9\\landing-page\\src\\components\\ContactComponent\\OurOfficeComponent.jsx","statementMap":{"0":{"start":{"line":5,"column":27},"end":{"line":41,"column":1}},"1":{"start":{"line":6,"column":2},"end":{"line":40,"column":4}}},"fnMap":{"0":{"name":"(anonymous_0)","decl":{"start":{"line":5,"column":27},"end":{"line":5,"column":28}},"loc":{"start":{"line":5,"column":33},"end":{"line":41,"column":1}},"line":5}},"branchMap":{},"s":{"0":1,"1":4},"f":{"0":4},"b":{},"_coverageSchema":"1a1c01bbd47fc00a2c39e90264f33305004495a9","hash":"b5a5b8f954847be5bff94f149a897e0b4d4b0244"}
,"C:\\Users\\UsEr\\OneDrive\\Dokumen\\lumoshive\\mini-proyek\\mini-proyek-9\\landing-page\\src\\layouts\\FooterLayouts.jsx": {"path":"C:\\Users\\UsEr\\OneDrive\\Dokumen\\lumoshive\\mini-proyek\\mini-proyek-9\\landing-page\\src\\layouts\\FooterLayouts.jsx","statementMap":{"0":{"start":{"line":8,"column":22},"end":{"line":133,"column":1}},"1":{"start":{"line":9,"column":2},"end":{"line":132,"column":4}}},"fnMap":{"0":{"name":"(anonymous_0)","decl":{"start":{"line":8,"column":22},"end":{"line":8,"column":23}},"loc":{"start":{"line":8,"column":28},"end":{"line":133,"column":1}},"line":8}},"branchMap":{},"s":{"0":1,"1":7},"f":{"0":7},"b":{},"_coverageSchema":"1a1c01bbd47fc00a2c39e90264f33305004495a9","hash":"1725d47da4efe80c29222650d3d59c6d7607d83b"}
}
